Build started 12/15/2014 7:36:47 PM.
     1>Project "C:\Users\Shawn\Google Drive\GitHub\Pbrot\Pbrot\Pbrot.vcxproj" on node 2 (Build target(s)).
     1>ClCompile:
         C:\Program Files (x86)\Microsoft Visual Studio 12.0\VC\bin\x86_amd64\CL.exe /c /Zi /nologo /W3 /WX- /MP /Od /Ob0 /D WIN32 /D _DEBUG /D _CONSOLE /D _LIB /D _UNICODE /D UNICODE /Gm /EHsc /RTC1 /MDd /GS /fp:precise /Zc:wchar_t /Zc:forScope /openmp /Fo"x64\Debug\\" /Fd"x64\Debug\vc120.pdb" /Gd /TC /errorReport:prompt lodepng.c Pbrot.c
     1>cl : Command line warning D9030: '/Gm' is incompatible with multiprocessing; ignoring /MP switch
         Pbrot.c
     1>Pbrot.c(27): warning C4101: 'j' : unreferenced local variable
     1>Pbrot.c(67): warning C4244: 'initializing' : conversion from 'double' to 'uint16_t', possible loss of data
     1>Pbrot.c(40): warning C4101: 'y' : unreferenced local variable
     1>Pbrot.c(40): warning C4101: 'x' : unreferenced local variable
     1>Pbrot.c(103): warning C4244: 'return' : conversion from 'double' to 'int', possible loss of data
     1>Pbrot.c(126): warning C4133: 'function' : incompatible types - from 'uint16_t *' to 'const unsigned char *'
         lodepng.c
     1>lodepng.c(801): warning C4267: 'function' : conversion from 'size_t' to 'unsigned int', possible loss of data
     1>lodepng.c(813): warning C4267: '=' : conversion from 'size_t' to 'unsigned int', possible loss of data
     1>lodepng.c(831): warning C4267: 'function' : conversion from 'size_t' to 'unsigned int', possible loss of data
     1>lodepng.c(1440): warning C4267: '=' : conversion from 'size_t' to 'int', possible loss of data
     1>lodepng.c(1444): warning C4267: '=' : conversion from 'size_t' to 'int', possible loss of data
     1>lodepng.c(1464): warning C4267: 'initializing' : conversion from 'size_t' to 'unsigned int', possible loss of data
     1>lodepng.c(1482): warning C4267: '=' : conversion from 'size_t' to 'unsigned int', possible loss of data
     1>lodepng.c(1516): warning C4267: '=' : conversion from 'size_t' to 'unsigned int', possible loss of data
     1>lodepng.c(3434): warning C4334: '<<' : result of 32-bit shift implicitly converted to 64 bits (was 64-bit shift intended?)
     1>lodepng.c(3440): warning C4267: 'function' : conversion from 'size_t' to 'unsigned int', possible loss of data
     1>lodepng.c(4242): warning C4267: '=' : conversion from 'size_t' to 'unsigned int', possible loss of data
     1>lodepng.c(4290): warning C4267: '=' : conversion from 'size_t' to 'unsigned int', possible loss of data
     1>lodepng.c(4370): warning C4267: '=' : conversion from 'size_t' to 'unsigned int', possible loss of data
     1>lodepng.c(5310): warning C4267: 'initializing' : conversion from 'size_t' to 'unsigned int', possible loss of data
         Generating Code...
       Link:
         C:\Program Files (x86)\Microsoft Visual Studio 12.0\VC\bin\x86_amd64\link.exe /ERRORREPORT:PROMPT /OUT:"C:\Users\Shawn\Google Drive\GitHub\Pbrot\x64\Debug\OMPbrot.exe" /INCREMENTAL /NOLOGO kernel32.lib user32.lib gdi32.lib winspool.lib comdlg32.lib advapi32.lib shell32.lib ole32.lib oleaut32.lib uuid.lib odbc32.lib odbccp32.lib /MANIFEST /MANIFESTUAC:"level='asInvoker' uiAccess='false'" /manifest:embed /DEBUG /PDB:"C:\Users\Shawn\Google Drive\GitHub\Pbrot\x64\Debug\OMPbrot.pdb" /SUBSYSTEM:CONSOLE /TLBID:1 /DYNAMICBASE /NXCOMPAT /IMPLIB:"C:\Users\Shawn\Google Drive\GitHub\Pbrot\x64\Debug\OMPbrot.lib" /MACHINE:X64 x64\Debug\lodepng.obj
         x64\Debug\Pbrot.obj
         Pbrot.vcxproj -> C:\Users\Shawn\Google Drive\GitHub\Pbrot\x64\Debug\OMPbrot.exe
     1>Done Building Project "C:\Users\Shawn\Google Drive\GitHub\Pbrot\Pbrot\Pbrot.vcxproj" (Build target(s)).

Build succeeded.

Time Elapsed 00:00:00.45
