Build started 12/15/2014 8:01:39 PM.
     1>Project "C:\Users\Shawn\Google Drive\GitHub\Pbrot\CLbrot\CLbrot.vcxproj" on node 3 (Build target(s)).
     1>ClCompile:
         C:\Program Files (x86)\Microsoft Visual Studio 12.0\VC\bin\CL.exe /c /I"C:\Program Files\NVIDIA GPU Computing Toolkit\CUDA\v6.5\include" /Zi /nologo /W3 /WX- /MP /Ox /Ob2 /Oi /Ot /Oy- /D WIN32 /D NDEBUG /D _CONSOLE /D _LIB /D _UNICODE /D UNICODE /Gm- /EHsc /MD /GS /Gy /fp:precise /Zc:wchar_t /Zc:forScope /Fo"Win32\Release\\" /Fd"Win32\Release\vc120.pdb" /Gd /TC /analyze- /errorReport:prompt CLbrot.c lodepng.c simpleCL.c
         CLbrot.c
         lodepng.c
         simpleCL.c
     1>simpleCL.c(196): warning C4996: 'fopen': This function or variable may be unsafe. Consider using fopen_s instead. To disable deprecation, use _CRT_SECURE_NO_WARNINGS. See online help for details.
                 C:\Program Files (x86)\Microsoft Visual Studio 12.0\VC\include\stdio.h(211) : see declaration of 'fopen'
     1>simpleCL.c(846): warning C4996: 'sprintf': This function or variable may be unsafe. Consider using sprintf_s instead. To disable deprecation, use _CRT_SECURE_NO_WARNINGS. See online help for details.
                 C:\Program Files (x86)\Microsoft Visual Studio 12.0\VC\include\stdio.h(356) : see declaration of 'sprintf'
     1>CLbrot.c(34): warning C4133: 'function' : incompatible types - from 'uint16_t *' to 'const unsigned char *'
     1>simpleCL.c(985): warning C4996: 'sprintf': This function or variable may be unsafe. Consider using sprintf_s instead. To disable deprecation, use _CRT_SECURE_NO_WARNINGS. See online help for details.
                 C:\Program Files (x86)\Microsoft Visual Studio 12.0\VC\include\stdio.h(356) : see declaration of 'sprintf'
     1>simpleCL.c(987): warning C4996: 'fopen': This function or variable may be unsafe. Consider using fopen_s instead. To disable deprecation, use _CRT_SECURE_NO_WARNINGS. See online help for details.
                 C:\Program Files (x86)\Microsoft Visual Studio 12.0\VC\include\stdio.h(211) : see declaration of 'fopen'
     1>CLbrot.c(74): warning C4244: 'initializing' : conversion from 'double' to 'uint16_t', possible loss of data
     1>CLbrot.c(87): warning C4244: 'initializing' : conversion from 'double' to 'size_t', possible loss of data
     1>CLbrot.c(93): warning C4018: '<' : signed/unsigned mismatch
       Link:
         C:\Program Files (x86)\Microsoft Visual Studio 12.0\VC\bin\link.exe /ERRORREPORT:PROMPT /OUT:"C:\Users\Shawn\Google Drive\GitHub\Pbrot\Win32\Release\CLbrot.exe" /INCREMENTAL:NO /NOLOGO /LIBPATH:"C:\Program Files\NVIDIA GPU Computing Toolkit\CUDA\v6.5\lib\Win32" OpenCL.lib kernel32.lib user32.lib gdi32.lib winspool.lib comdlg32.lib advapi32.lib shell32.lib ole32.lib oleaut32.lib uuid.lib odbc32.lib odbccp32.lib kernel32.lib user32.lib gdi32.lib winspool.lib comdlg32.lib advapi32.lib shell32.lib ole32.lib oleaut32.lib uuid.lib odbc32.lib odbccp32.lib /MANIFEST /MANIFESTUAC:"level='asInvoker' uiAccess='false'" /manifest:embed /DEBUG /PDB:"C:\Users\Shawn\Google Drive\GitHub\Pbrot\Win32\Release\CLbrot.pdb" /SUBSYSTEM:CONSOLE /OPT:REF /OPT:ICF /LTCG /TLBID:1 /DYNAMICBASE /NXCOMPAT /IMPLIB:"C:\Users\Shawn\Google Drive\GitHub\Pbrot\Win32\Release\CLbrot.lib" /MACHINE:X86 /SAFESEH Win32\Release\CLbrot.obj
         Win32\Release\lodepng.obj
         Win32\Release\simpleCL.obj
         LINK : /LTCG specified but no code generation required; remove /LTCG from the link command line to improve linker performance
         CLbrot.vcxproj -> C:\Users\Shawn\Google Drive\GitHub\Pbrot\Win32\Release\CLbrot.exe
     1>Done Building Project "C:\Users\Shawn\Google Drive\GitHub\Pbrot\CLbrot\CLbrot.vcxproj" (Build target(s)).

Build succeeded.

Time Elapsed 00:00:00.86
