Build started 12/15/2014 8:01:39 PM.
     1>Project "C:\Users\Shawn\Google Drive\GitHub\Pbrot\Pbrot\Pbrot.vcxproj" on node 2 (Build target(s)).
     1>ClCompile:
         C:\Program Files (x86)\Microsoft Visual Studio 12.0\VC\bin\CL.exe /c /Zi /nologo /W3 /WX- /O2 /Oi /Oy- /GL /D WIN32 /D NDEBUG /D _CONSOLE /D _LIB /D _UNICODE /D UNICODE /Gm- /EHsc /MD /GS /Gy /fp:precise /Zc:wchar_t /Zc:forScope /Fo"Win32\Release\\" /Fd"Win32\Release\vc120.pdb" /Gd /TC /analyze- /errorReport:prompt lodepng.c Pbrot.c
         lodepng.c
         Pbrot.c
     1>Pbrot.c(27): warning C4101: 'j' : unreferenced local variable
     1>Pbrot.c(67): warning C4244: 'initializing' : conversion from 'double' to 'uint16_t', possible loss of data
     1>Pbrot.c(40): warning C4101: 'y' : unreferenced local variable
     1>Pbrot.c(40): warning C4101: 'x' : unreferenced local variable
     1>Pbrot.c(103): warning C4244: 'return' : conversion from 'double' to 'int', possible loss of data
     1>Pbrot.c(126): warning C4133: 'function' : incompatible types - from 'uint16_t *' to 'const unsigned char *'
       Link:
         C:\Program Files (x86)\Microsoft Visual Studio 12.0\VC\bin\link.exe /ERRORREPORT:PROMPT /OUT:"C:\Users\Shawn\Google Drive\GitHub\Pbrot\Win32\Release\OMPbrot.exe" /INCREMENTAL:NO /NOLOGO kernel32.lib user32.lib gdi32.lib winspool.lib comdlg32.lib advapi32.lib shell32.lib ole32.lib oleaut32.lib uuid.lib odbc32.lib odbccp32.lib /MANIFEST /MANIFESTUAC:"level='asInvoker' uiAccess='false'" /manifest:embed /DEBUG /PDB:"C:\Users\Shawn\Google Drive\GitHub\Pbrot\Win32\Release\OMPbrot.pdb" /SUBSYSTEM:CONSOLE /OPT:REF /OPT:ICF /LTCG /TLBID:1 /DYNAMICBASE /NXCOMPAT /IMPLIB:"C:\Users\Shawn\Google Drive\GitHub\Pbrot\Win32\Release\OMPbrot.lib" /MACHINE:X86 /SAFESEH Win32\Release\lodepng.obj
         Win32\Release\Pbrot.obj
         Generating code
         Finished generating code
         Pbrot.vcxproj -> C:\Users\Shawn\Google Drive\GitHub\Pbrot\Win32\Release\OMPbrot.exe
     1>Done Building Project "C:\Users\Shawn\Google Drive\GitHub\Pbrot\Pbrot\Pbrot.vcxproj" (Build target(s)).

Build succeeded.

Time Elapsed 00:00:00.98
